usage: htseq-count [-h] [--version] [-f {sam,bam,auto}] [-r {pos,name}]
                   [--max-reads-in-buffer MAX_BUFFER_SIZE]
                   [-s {yes,no,reverse}] [-a MINAQUAL] [-t FEATURE_TYPE]
                   [-i IDATTR] [--additional-attr ADDITIONAL_ATTRIBUTES]
                   [--add-chromosome-info]
                   [-m {union,intersection-strict,intersection-nonempty}]
                   [--nonunique {none,all,fraction,random}]
                   [--secondary-alignments {score,ignore}]
                   [--supplementary-alignments {score,ignore}] [-o SAMOUTS]
                   [-p {SAM,BAM,sam,bam}] [-d OUTPUT_DELIMITER]
                   [-c OUTPUT_FILENAME] [--counts-output-sparse]
                   [--append-output] [-n NPROCESSES]
                   [--feature-query FEATURE_QUERY] [-q] [--with-header]
                   samfilenames [samfilenames ...] featuresfilename
htseq-count: error: argument -i/--idattr: expected one argument
usage: htseq-count [-h] [--version] [-f {sam,bam,auto}] [-r {pos,name}]
                   [--max-reads-in-buffer MAX_BUFFER_SIZE]
                   [-s {yes,no,reverse}] [-a MINAQUAL] [-t FEATURE_TYPE]
                   [-i IDATTR] [--additional-attr ADDITIONAL_ATTRIBUTES]
                   [--add-chromosome-info]
                   [-m {union,intersection-strict,intersection-nonempty}]
                   [--nonunique {none,all,fraction,random}]
                   [--secondary-alignments {score,ignore}]
                   [--supplementary-alignments {score,ignore}] [-o SAMOUTS]
                   [-p {SAM,BAM,sam,bam}] [-d OUTPUT_DELIMITER]
                   [-c OUTPUT_FILENAME] [--counts-output-sparse]
                   [--append-output] [-n NPROCESSES]
                   [--feature-query FEATURE_QUERY] [-q] [--with-header]
                   samfilenames [samfilenames ...] featuresfilename
htseq-count: error: argument -i/--idattr: expected one argument
usage: htseq-count [-h] [--version] [-f {sam,bam,auto}] [-r {pos,name}]
                   [--max-reads-in-buffer MAX_BUFFER_SIZE]
                   [-s {yes,no,reverse}] [-a MINAQUAL] [-t FEATURE_TYPE]
                   [-i IDATTR] [--additional-attr ADDITIONAL_ATTRIBUTES]
                   [--add-chromosome-info]
                   [-m {union,intersection-strict,intersection-nonempty}]
                   [--nonunique {none,all,fraction,random}]
                   [--secondary-alignments {score,ignore}]
                   [--supplementary-alignments {score,ignore}] [-o SAMOUTS]
                   [-p {SAM,BAM,sam,bam}] [-d OUTPUT_DELIMITER]
                   [-c OUTPUT_FILENAME] [--counts-output-sparse]
                   [--append-output] [-n NPROCESSES]
                   [--feature-query FEATURE_QUERY] [-q] [--with-header]
                   samfilenames [samfilenames ...] featuresfilename
htseq-count: error: argument -i/--idattr: expected one argument
usage: htseq-count [-h] [--version] [-f {sam,bam,auto}] [-r {pos,name}]
                   [--max-reads-in-buffer MAX_BUFFER_SIZE]
                   [-s {yes,no,reverse}] [-a MINAQUAL] [-t FEATURE_TYPE]
                   [-i IDATTR] [--additional-attr ADDITIONAL_ATTRIBUTES]
                   [--add-chromosome-info]
                   [-m {union,intersection-strict,intersection-nonempty}]
                   [--nonunique {none,all,fraction,random}]
                   [--secondary-alignments {score,ignore}]
                   [--supplementary-alignments {score,ignore}] [-o SAMOUTS]
                   [-p {SAM,BAM,sam,bam}] [-d OUTPUT_DELIMITER]
                   [-c OUTPUT_FILENAME] [--counts-output-sparse]
                   [--append-output] [-n NPROCESSES]
                   [--feature-query FEATURE_QUERY] [-q] [--with-header]
                   samfilenames [samfilenames ...] featuresfilename
htseq-count: error: argument -i/--idattr: expected one argument
