eggNOG_data/5.0.0: Data available at $EGGNOG_DATA_ROOT, see 'module help eggNOG_data/5.0.0'
[1;32mFunctional annotation of hits...[0m
0 2.86102294921875e-06 0.00 q/s (% mem usage: 8.90, % mem avail: 91.11)
#  emapper-2.1.9-0c2935a
# emapper.py  -i /home/matia/GenomeAnalysis2023/analysis/genome_annotation/annotation_BRAKER_canu/braker/prot.fa --itype proteins --output func_annot --output_dir /home/matia/GenomeAnalysis2023/analysis/genome_annotation/annotation_BRAKER_canu/eggnog --decorate_gff /home/matia/GenomeAnalysis2023/analysis/genome_annotation/annotation_BRAKER_canu/braker/braker.gff3 --cpu 2
[1;33m  /sw/bioinfo/eggNOG-mapper/2.1.9/snowy/bin/diamond blastp -d /crex/data/eggNOG_data/5.0.0/rackham/eggnog_proteins.dmnd -q /domus/h1/matia/GenomeAnalysis2023/analysis/genome_annotation/annotation_BRAKER_canu/braker/prot.fa --threads 2 -o /domus/h1/matia/GenomeAnalysis2023/analysis/genome_annotation/annotation_BRAKER_canu/eggnog/func_annot.emapper.hits --tmpdir /domus/h1/matia/GenomeAnalysis2023/code/genome_annotation/emappertmp_dmdn_gnph7qwy --sensitive --iterate -e 0.001 --top 3  --outfmt 6 qseqid sseqid pident length mismatch gapopen qstart qend sstart send evalue bitscore qcovhsp scovhsp[0m
[1;32mDecorating gff file /home/matia/GenomeAnalysis2023/analysis/genome_annotation/annotation_BRAKER_canu/braker/braker.gff3...[0m
500 48.8825740814209 10.23 q/s (% mem usage: 9.30, % mem avail: 90.68)
1000 70.13145422935486 14.26 q/s (% mem usage: 9.30, % mem avail: 90.69)
1500 88.14896488189697 17.02 q/s (% mem usage: 9.40, % mem avail: 90.65)
2000 102.39635729789734 19.53 q/s (% mem usage: 9.40, % mem avail: 90.57)
2500 114.81123876571655 21.77 q/s (% mem usage: 9.40, % mem avail: 90.57)
3000 126.89727354049683 23.64 q/s (% mem usage: 9.50, % mem avail: 90.53)
3413 136.75006890296936 24.96 q/s (% mem usage: 9.40, % mem avail: 90.59)
[32mDone[0m
[1;33mResult files:[0m
   /domus/h1/matia/GenomeAnalysis2023/analysis/genome_annotation/annotation_BRAKER_canu/eggnog/func_annot.emapper.decorated.gff
   /domus/h1/matia/GenomeAnalysis2023/analysis/genome_annotation/annotation_BRAKER_canu/eggnog/func_annot.emapper.hits
   /domus/h1/matia/GenomeAnalysis2023/analysis/genome_annotation/annotation_BRAKER_canu/eggnog/func_annot.emapper.seed_orthologs
   /domus/h1/matia/GenomeAnalysis2023/analysis/genome_annotation/annotation_BRAKER_canu/eggnog/func_annot.emapper.annotations

================================================================================
CITATION:
If you use this software, please cite:

[1] eggNOG-mapper v2: functional annotation, orthology assignments, and domain 
      prediction at the metagenomic scale. Carlos P. Cantalapiedra, 
      Ana Hernandez-Plaza, Ivica Letunic, Peer Bork, Jaime Huerta-Cepas. 2021.
      Molecular Biology and Evolution, msab293, https://doi.org/10.1093/molbev/msab293

[2] eggNOG 5.0: a hierarchical, functionally and phylogenetically annotated
      orthology resource based on 5090 organisms and 2502 viruses. Jaime
      Huerta-Cepas, Damian Szklarczyk, Davide Heller, Ana Hernandez-Plaza,
      Sofia K Forslund, Helen Cook, Daniel R Mende, Ivica Letunic, Thomas
      Rattei, Lars J Jensen, Christian von Mering and Peer Bork. Nucleic Acids
      Research, Volume 47, Issue D1, 8 January 2019, Pages D309-D314,
      https://doi.org/10.1093/nar/gky1085 

[3] Sensitive protein alignments at tree-of-life scale using DIAMOND.
       Buchfink B, Reuter K, Drost HG. 2021.
       Nature Methods 18, 366–368 (2021). https://doi.org/10.1038/s41592-021-01101-x

e.g. Functional annotation was performed using eggNOG-mapper (version emapper-2.1.9-0c2935a) [1]
 based on eggNOG orthology data [2]. Sequence searches were performed using [3].

================================================================================

Total hits processed: 3413
Total time: 2171 secs
FINISHED
